/home/svyatoslav/CWRU/DiffusionProject120621/benefitFns.py:17: RuntimeWarning: divide by zero encountered in long_scalars
  ratio = EC50_bound/n_bound
Configuration file used: default_cfg


Constants from the configuration file
P_mut,inflx,steep,n_cycles,L,L_filled in main:  0.01 0.5 0.1 100 15 15
cellcycle_t, secrete_tstep, secreteN:  86400 195 1
diff_coef, delx, k_on, k_off in main  277.778 14.6 3600000.0 0.000134
receptors_per_cell in main  25000
EC50_number_per_node  145  EC50_bound_in_cycle  601610
Hill coefficient  1
bind_1reaction  True  useMultiproc  False  useMap  True
updateMethod  pairwise
invasion_done_perc  0.5
Calculated global constants
diff_coef_scaled, diff_delt, k_on_norm in main  1.303 0.192 1.92e-06


secret_per_cycle  443
cycle  0
cellarray in loop
[[1. 1. 1. 1. 1. 1. 1. 1. 1. 1. 1. 1. 1. 1. 1.]
 [1. 1. 1. 1. 1. 1. 1. 1. 1. 1. 1. 1. 1. 1. 1.]
 [1. 1. 1. 1. 1. 1. 1. 1. 1. 1. 1. 1. 1. 1. 1.]
 [1. 1. 1. 1. 1. 1. 1. 1. 1. 1. 1. 1. 1. 1. 1.]
 [1. 1. 1. 1. 1. 1. 1. 1. 1. 1. 1. 1. 1. 1. 1.]
 [1. 1. 1. 1. 1. 2. 2. 2. 2. 1. 1. 1. 1. 1. 1.]
 [1. 1. 1. 1. 1. 2. 2. 2. 2. 1. 1. 1. 1. 1. 1.]
 [1. 1. 1. 1. 1. 2. 2. 2. 2. 1. 1. 1. 1. 1. 1.]
 [1. 1. 1. 1. 1. 2. 2. 2. 1. 1. 1. 1. 1. 1. 1.]
 [1. 1. 1. 1. 1. 1. 1. 1. 1. 1. 1. 1. 1. 1. 1.]
 [1. 1. 1. 1. 1. 1. 1. 1. 1. 1. 1. 1. 1. 1. 1.]
 [1. 1. 1. 1. 1. 1. 1. 1. 1. 1. 1. 1. 1. 1. 1.]
 [1. 1. 1. 1. 1. 1. 1. 1. 1. 1. 1. 1. 1. 1. 1.]
 [1. 1. 1. 1. 1. 1. 1. 1. 1. 1. 1. 1. 1. 1. 1.]
 [1. 1. 1. 1. 1. 1. 1. 1. 1. 1. 1. 1. 1. 1. 1.]]
Producer fraction is  0.06666666666666667
cycle  1
cellarray in loop
[[1. 1. 1. 1. 1. 1. 1. 1. 1. 1. 1. 1. 1. 1. 1.]
 [1. 1. 1. 1. 1. 1. 1. 1. 1. 1. 1. 1. 1. 1. 1.]
 [1. 1. 1. 1. 1. 1. 1. 1. 1. 1. 1. 1. 1. 1. 1.]
 [1. 1. 1. 1. 1. 1. 1. 1. 1. 1. 1. 1. 1. 1. 1.]
 [1. 1. 1. 1. 2. 2. 2. 2. 2. 2. 2. 1. 1. 1. 1.]
 [1. 1. 1. 1. 2. 2. 2. 2. 2. 2. 2. 1. 1. 1. 1.]
 [1. 1. 1. 1. 2. 2. 2. 2. 2. 2. 2. 1. 1. 1. 1.]
 [1. 1. 1. 1. 2. 2. 2. 2. 2. 2. 2. 1. 1. 1. 1.]
 [1. 1. 1. 1. 2. 2. 2. 2. 2. 2. 2. 1. 1. 1. 1.]
 [1. 1. 1. 1. 2. 2. 2. 2. 1. 1. 1. 1. 1. 1. 1.]
 [1. 1. 1. 1. 1. 1. 1. 1. 1. 1. 1. 1. 1. 1. 1.]
 [1. 1. 1. 1. 1. 1. 1. 1. 1. 1. 1. 1. 1. 1. 1.]
 [1. 1. 1. 1. 1. 1. 1. 1. 1. 1. 1. 1. 1. 1. 1.]
 [1. 1. 1. 1. 1. 1. 1. 1. 1. 1. 1. 1. 1. 1. 1.]
 [1. 1. 1. 1. 1. 1. 1. 1. 1. 1. 1. 1. 1. 1. 1.]]
Producer fraction is  0.17333333333333334
cycle  2
cellarray in loop
[[1. 1. 1. 1. 1. 1. 1. 1. 1. 1. 1. 1. 1. 1. 1.]
 [1. 1. 1. 1. 1. 1. 1. 1. 1. 1. 1. 1. 1. 1. 1.]
 [1. 1. 2. 2. 2. 2. 2. 2. 2. 2. 2. 2. 1. 1. 1.]
 [1. 1. 2. 2. 2. 2. 2. 2. 2. 2. 2. 2. 1. 1. 1.]
 [1. 1. 2. 2. 2. 2. 2. 2. 2. 2. 2. 2. 1. 1. 1.]
 [1. 1. 2. 2. 2. 2. 2. 2. 2. 2. 2. 2. 1. 1. 1.]
 [1. 1. 2. 2. 2. 2. 2. 2. 2. 2. 2. 2. 1. 1. 1.]
 [1. 1. 2. 2. 2. 2. 2. 2. 2. 2. 2. 2. 1. 1. 1.]
 [1. 1. 2. 2. 2. 2. 2. 2. 2. 2. 2. 2. 1. 1. 1.]
 [1. 1. 2. 2. 2. 2. 2. 2. 2. 2. 2. 2. 1. 1. 1.]
 [1. 1. 2. 2. 2. 2. 2. 2. 2. 2. 2. 2. 1. 1. 1.]
 [1. 1. 2. 2. 1. 1. 1. 1. 1. 1. 1. 1. 1. 1. 1.]
 [1. 1. 1. 1. 1. 1. 1. 1. 1. 1. 1. 1. 1. 1. 1.]
 [1. 1. 1. 1. 1. 1. 1. 1. 1. 1. 1. 1. 1. 1. 1.]
 [1. 1. 1. 1. 1. 1. 1. 1. 1. 1. 1. 1. 1. 1. 1.]]
Producer fraction is  0.4088888888888889
cycle  3
cellarray in loop
[[1. 1. 1. 1. 1. 1. 1. 1. 1. 1. 1. 1. 1. 1. 1.]
 [1. 2. 2. 2. 2. 2. 2. 2. 2. 2. 2. 2. 2. 2. 1.]
 [1. 2. 2. 2. 2. 2. 2. 2. 2. 2. 2. 2. 2. 2. 1.]
 [1. 2. 2. 2. 2. 2. 2. 2. 2. 2. 2. 2. 2. 2. 1.]
 [1. 2. 2. 2. 2. 2. 2. 2. 2. 2. 2. 2. 2. 2. 1.]
 [1. 2. 2. 2. 2. 2. 2. 2. 2. 2. 2. 2. 2. 2. 1.]
 [1. 2. 2. 2. 2. 2. 2. 2. 2. 2. 2. 2. 2. 2. 1.]
 [1. 2. 2. 2. 2. 2. 2. 2. 2. 2. 2. 2. 2. 2. 1.]
 [1. 2. 2. 2. 2. 2. 2. 2. 2. 2. 2. 2. 2. 2. 1.]
 [1. 2. 2. 2. 2. 2. 2. 2. 2. 2. 2. 2. 2. 2. 1.]
 [1. 2. 2. 2. 2. 2. 2. 2. 2. 2. 2. 2. 2. 2. 1.]
 [1. 2. 2. 2. 2. 2. 2. 2. 2. 2. 2. 2. 2. 2. 1.]
 [1. 2. 2. 1. 1. 1. 1. 1. 1. 1. 1. 1. 1. 1. 1.]
 [1. 1. 1. 1. 1. 1. 1. 1. 1. 1. 1. 1. 1. 1. 1.]
 [1. 1. 1. 1. 1. 1. 1. 1. 1. 1. 1. 1. 1. 1. 1.]]
Producer fraction is  0.6444444444444445
INVADED, exiting
Time of doStepping:  431.75179711999954
